iam   ||||| 632fb8b3-7b9b-4709-9a68-6895c8e72ca5 |||||   NOW searching for    ||||| urarara.txt |||||   ||||| 1番目の検索 |||||
jsonファイルを書き換える.
txtファイルを再収集しない.
iam   ||||| 632fb8b3-7b9b-4709-9a68-6895c8e72ca5 |||||   NOW searching for    ||||| rooooto_1.txt |||||   ||||| 2番目の検索 |||||
jsonファイルを書き換える.
txtファイルを再収集しない.
iam   ||||| 632fb8b3-7b9b-4709-9a68-6895c8e72ca5 |||||   NOW searching for    ||||| hisame_HR102.txt |||||   ||||| 3番目の検索 |||||
jsonファイルを書き換える.
txtファイルを再収集しない.
iam   ||||| 632fb8b3-7b9b-4709-9a68-6895c8e72ca5 |||||   NOW searching for    ||||| trapperworld000.txt |||||   ||||| 4番目の検索 |||||
jsonファイルを書き換える.
txtファイルを再収集しない.
iam   ||||| 632fb8b3-7b9b-4709-9a68-6895c8e72ca5 |||||   NOW searching for    ||||| KuMA_dreamwish.txt |||||   ||||| 5番目の検索 |||||
86400以下のはず→24048.423670053482
jsonファイルは書き換えない.
txtファイルを再収集しない.
iam   ||||| 632fb8b3-7b9b-4709-9a68-6895c8e72ca5 |||||   NOW searching for    ||||| udon14756.txt |||||   ||||| 6番目の検索 |||||
jsonファイルを書き換える.
txtファイルを再収集しない.
iam   ||||| 632fb8b3-7b9b-4709-9a68-6895c8e72ca5 |||||   NOW searching for    ||||| TFukusato.txt |||||   ||||| 7番目の検索 |||||
jsonファイルを書き換える.
txtファイルを再収集しない.
iam   ||||| 632fb8b3-7b9b-4709-9a68-6895c8e72ca5 |||||   NOW searching for    ||||| tomiya_jaic.txt |||||   ||||| 8番目の検索 |||||
jsonファイルを書き換える.
txtファイルを再収集しない.
iam   ||||| 632fb8b3-7b9b-4709-9a68-6895c8e72ca5 |||||   NOW searching for    ||||| NHK_BS1.txt |||||   ||||| 9番目の検索 |||||
jsonファイルを書き換える.
txtファイルを再収集しない.
iam   ||||| 632fb8b3-7b9b-4709-9a68-6895c8e72ca5 |||||   NOW searching for    ||||| qqddss.txt |||||   ||||| 10番目の検索 |||||
jsonファイルを書き換える.
txtファイルを再収集する.
iam   ||||| 988934e7-954f-4b90-a879-d515118834cb |||||   NOW searching for    ||||| ace2_.txt |||||   ||||| 1番目の検索 |||||
jsonファイルを書き換える.
txtファイルを再収集する.
目標値：232000
このidはover10000なので調べない・・・
収集終わり
iam   ||||| 988934e7-954f-4b90-a879-d515118834cb |||||   NOW searching for    ||||| shop_TSUTAYA.txt |||||   ||||| 2番目の検索 |||||
jsonファイルを書き換える.
txtファイルを再収集する.
目標値：21000
このidはover10000なので調べない・・・
収集終わり
iam   ||||| 988934e7-954f-4b90-a879-d515118834cb |||||   NOW searching for    ||||| mayumi_l_a.txt |||||   ||||| 3番目の検索 |||||
jsonファイルを書き換える.
txtファイルを再収集しない.
iam   ||||| 988934e7-954f-4b90-a879-d515118834cb |||||   NOW searching for    ||||| tnayuki.txt |||||   ||||| 4番目の検索 |||||
jsonファイルを書き換える.
txtファイルを再収集しない.
iam   ||||| 988934e7-954f-4b90-a879-d515118834cb |||||   NOW searching for    ||||| s_s06622781.txt |||||   ||||| 5番目の検索 |||||
jsonファイルを書き換える.
txtファイルを再収集しない.
iam   ||||| 988934e7-954f-4b90-a879-d515118834cb |||||   NOW searching for    ||||| NAOTO_poper.txt |||||   ||||| 6番目の検索 |||||
jsonファイルを書き換える.
txtファイルを再収集しない.
iam   ||||| 988934e7-954f-4b90-a879-d515118834cb |||||   NOW searching for    ||||| T_MultiRunner.txt |||||   ||||| 7番目の検索 |||||
jsonファイルを書き換える.
txtファイルを再収集しない.
iam   ||||| 988934e7-954f-4b90-a879-d515118834cb |||||   NOW searching for    ||||| nakajimamasayu1.txt |||||   ||||| 8番目の検索 |||||
jsonファイルを書き換える.
txtファイルを再収集しない.
iam   ||||| 988934e7-954f-4b90-a879-d515118834cb |||||   NOW searching for    ||||| kiryuintw.txt |||||   ||||| 9番目の検索 |||||
86400以下のはず→24336.269184350967
jsonファイルは書き換えない.
txtファイルを再収集しない.
iam   ||||| 988934e7-954f-4b90-a879-d515118834cb |||||   NOW searching for    ||||| sirabee_news.txt |||||   ||||| 10番目の検索 |||||
jsonファイルを書き換える.
txtファイルを再収集しない.
iam   ||||| 988934e7-954f-4b90-a879-d515118834cb |||||   NOW searching for    ||||| ake_____.txt |||||   ||||| 11番目の検索 |||||
jsonファイルを書き換える.
txtファイルを再収集しない.
iam   ||||| 988934e7-954f-4b90-a879-d515118834cb |||||   NOW searching for    ||||| ushiama.txt |||||   ||||| 12番目の検索 |||||
jsonファイルを書き換える.
txtファイルを再収集しない.
iam   ||||| 988934e7-954f-4b90-a879-d515118834cb |||||   NOW searching for    ||||| dTbxdTb.txt |||||   ||||| 13番目の検索 |||||
jsonファイルを書き換える.
txtファイルを再収集しない.
iam   ||||| 988934e7-954f-4b90-a879-d515118834cb |||||   NOW searching for    ||||| Alice_mendori.txt |||||   ||||| 14番目の検索 |||||
jsonファイルを書き換える.
txtファイルを再収集しない.
iam   ||||| 988934e7-954f-4b90-a879-d515118834cb |||||   NOW searching for    ||||| Kei_Gnu622.txt |||||   ||||| 15番目の検索 |||||
jsonファイルを書き換える.
txtファイルを再収集しない.
iam   ||||| 988934e7-954f-4b90-a879-d515118834cb |||||   NOW searching for    ||||| hwtnv.txt |||||   ||||| 16番目の検索 |||||
jsonファイルを書き換える.
txtファイルを再収集しない.
iam   ||||| 988934e7-954f-4b90-a879-d515118834cb |||||   NOW searching for    ||||| SLCZ1X5QwlAhfad.txt |||||   ||||| 17番目の検索 |||||
jsonファイルを書き換える.
txtファイルを再収集しない.
iam   ||||| 988934e7-954f-4b90-a879-d515118834cb |||||   NOW searching for    ||||| kinnikun0917.txt |||||   ||||| 18番目の検索 |||||
jsonファイルを書き換える.
txtファイルを再収集しない.
iam   ||||| 988934e7-954f-4b90-a879-d515118834cb |||||   NOW searching for    ||||| ayabekaz.txt |||||   ||||| 19番目の検索 |||||
jsonファイルを書き換える.
txtファイルを再収集しない.
iam   ||||| 988934e7-954f-4b90-a879-d515118834cb |||||   NOW searching for    ||||| hamukazu.txt |||||   ||||| 20番目の検索 |||||
jsonファイルを書き換える.
txtファイルを再収集しない.
iam   ||||| 988934e7-954f-4b90-a879-d515118834cb |||||   NOW searching for    ||||| diver_tut.txt |||||   ||||| 21番目の検索 |||||
jsonファイルを書き換える.
txtファイルを再収集しない.
iam   ||||| 988934e7-954f-4b90-a879-d515118834cb |||||   NOW searching for    ||||| tatekawaseiko.txt |||||   ||||| 22番目の検索 |||||
jsonファイルを書き換える.
txtファイルを再収集しない.
iam   ||||| 988934e7-954f-4b90-a879-d515118834cb |||||   NOW searching for    ||||| atsy65101392.txt |||||   ||||| 23番目の検索 |||||
86400以下のはず→880.5570788383484
jsonファイルは書き換えない.
txtファイルを再収集しない.
iam   ||||| 988934e7-954f-4b90-a879-d515118834cb |||||   NOW searching for    ||||| dueyama.txt |||||   ||||| 24番目の検索 |||||
jsonファイルを書き換える.
txtファイルを再収集しない.
iam   ||||| 988934e7-954f-4b90-a879-d515118834cb |||||   NOW searching for    ||||| m_sugimori.txt |||||   ||||| 25番目の検索 |||||
jsonファイルを書き換える.
txtファイルを再収集しない.
iam   ||||| 988934e7-954f-4b90-a879-d515118834cb |||||   NOW searching for    ||||| bn190924.txt |||||   ||||| 26番目の検索 |||||
jsonファイルを書き換える.
txtファイルを再収集しない.
iam   ||||| 988934e7-954f-4b90-a879-d515118834cb |||||   NOW searching for    ||||| chiakihayakawa0.txt |||||   ||||| 27番目の検索 |||||
jsonファイルを書き換える.
txtファイルを再収集しない.
iam   ||||| 988934e7-954f-4b90-a879-d515118834cb |||||   NOW searching for    ||||| L6_N6.txt |||||   ||||| 28番目の検索 |||||
86400以下のはず→24326.81240916252
jsonファイルは書き換えない.
txtファイルを再収集しない.
iam   ||||| 988934e7-954f-4b90-a879-d515118834cb |||||   NOW searching for    ||||| yumingfc.txt |||||   ||||| 29番目の検索 |||||
jsonファイルを書き換える.
txtファイルを再収集しない.
iam   ||||| 988934e7-954f-4b90-a879-d515118834cb |||||   NOW searching for    ||||| kanekoayanoinfo.txt |||||   ||||| 30番目の検索 |||||
86400以下のはず→26294.026512622833
jsonファイルは書き換えない.
txtファイルを再収集しない.
iam   ||||| 988934e7-954f-4b90-a879-d515118834cb |||||   NOW searching for    ||||| cinecinedan.txt |||||   ||||| 31番目の検索 |||||
jsonファイルを書き換える.
txtファイルを再収集しない.
iam   ||||| 988934e7-954f-4b90-a879-d515118834cb |||||   NOW searching for    ||||| YESKitteNOTouch.txt |||||   ||||| 32番目の検索 |||||
jsonファイルを書き換える.
txtファイルを再収集しない.
iam   ||||| 988934e7-954f-4b90-a879-d515118834cb |||||   NOW searching for    ||||| tanabe_actec.txt |||||   ||||| 33番目の検索 |||||
jsonファイルを書き換える.
txtファイルを再収集しない.
iam   ||||| 988934e7-954f-4b90-a879-d515118834cb |||||   NOW searching for    ||||| shuntaro_0930.txt |||||   ||||| 34番目の検索 |||||
jsonファイルを書き換える.
txtファイルを再収集しない.
iam   ||||| 988934e7-954f-4b90-a879-d515118834cb |||||   NOW searching for    ||||| itohtak.txt |||||   ||||| 35番目の検索 |||||
jsonファイルを書き換える.
txtファイルを再収集しない.
iam   ||||| 988934e7-954f-4b90-a879-d515118834cb |||||   NOW searching for    ||||| VogueKorea.txt |||||   ||||| 36番目の検索 |||||
jsonファイルを書き換える.
txtファイルを再収集しない.
iam   ||||| 988934e7-954f-4b90-a879-d515118834cb |||||   NOW searching for    ||||| takasagoGamePG.txt |||||   ||||| 37番目の検索 |||||
86400以下のはず→36997.60241103172
jsonファイルは書き換えない.
txtファイルを再収集しない.
iam   ||||| 988934e7-954f-4b90-a879-d515118834cb |||||   NOW searching for    ||||| naruPPPPPPP.txt |||||   ||||| 38番目の検索 |||||
jsonファイルを書き換える.
txtファイルを再収集しない.
iam   ||||| 988934e7-954f-4b90-a879-d515118834cb |||||   NOW searching for    ||||| _takao_CG_.txt |||||   ||||| 39番目の検索 |||||
jsonファイルを書き換える.
txtファイルを再収集しない.
iam   ||||| 988934e7-954f-4b90-a879-d515118834cb |||||   NOW searching for    ||||| Chisa182627051.txt |||||   ||||| 40番目の検索 |||||
jsonファイルを書き換える.
txtファイルを再収集しない.
iam   ||||| 988934e7-954f-4b90-a879-d515118834cb |||||   NOW searching for    ||||| tokoik.txt |||||   ||||| 41番目の検索 |||||
jsonファイルを書き換える.
txtファイルを再収集しない.
iam   ||||| 988934e7-954f-4b90-a879-d515118834cb |||||   NOW searching for    ||||| _ykrr_.txt |||||   ||||| 42番目の検索 |||||
jsonファイルを書き換える.
txtファイルを再収集しない.
iam   ||||| 988934e7-954f-4b90-a879-d515118834cb |||||   NOW searching for    ||||| INSIDEjp.txt |||||   ||||| 43番目の検索 |||||
jsonファイルを書き換える.
txtファイルを再収集する.
目標値：20000
このidはover10000なので調べない・・・
収集終わり
iam   ||||| 988934e7-954f-4b90-a879-d515118834cb |||||   NOW searching for    ||||| rubiru2.txt |||||   ||||| 44番目の検索 |||||
jsonファイルを書き換える.
txtファイルを再収集しない.
iam   ||||| 988934e7-954f-4b90-a879-d515118834cb |||||   NOW searching for    ||||| Abriv.txt |||||   ||||| 45番目の検索 |||||
jsonファイルを書き換える.
txtファイルを再収集しない.
iam   ||||| 988934e7-954f-4b90-a879-d515118834cb |||||   NOW searching for    ||||| emuBitaki321.txt |||||   ||||| 46番目の検索 |||||
jsonファイルを書き換える.
txtファイルを再収集しない.
iam   ||||| 988934e7-954f-4b90-a879-d515118834cb |||||   NOW searching for    ||||| technoboo.txt |||||   ||||| 47番目の検索 |||||
jsonファイルを書き換える.
txtファイルを再収集しない.
iam   ||||| 988934e7-954f-4b90-a879-d515118834cb |||||   NOW searching for    ||||| nakano_tkbiz.txt |||||   ||||| 48番目の検索 |||||
jsonファイルを書き換える.
txtファイルを再収集しない.
iam   ||||| 988934e7-954f-4b90-a879-d515118834cb |||||   NOW searching for    ||||| ya_sone.txt |||||   ||||| 49番目の検索 |||||
jsonファイルを書き換える.
txtファイルを再収集しない.
iam   ||||| 988934e7-954f-4b90-a879-d515118834cb |||||   NOW searching for    ||||| pvckyoto.txt |||||   ||||| 50番目の検索 |||||
jsonファイルを書き換える.
txtファイルを再収集しない.
iam   ||||| 988934e7-954f-4b90-a879-d515118834cb |||||   NOW searching for    ||||| hitabataba.txt |||||   ||||| 51番目の検索 |||||
jsonファイルを書き換える.
txtファイルを再収集しない.
iam   ||||| 988934e7-954f-4b90-a879-d515118834cb |||||   NOW searching for    ||||| kotaro_25hu.txt |||||   ||||| 52番目の検索 |||||
jsonファイルを書き換える.
txtファイルを再収集しない.
iam   ||||| 988934e7-954f-4b90-a879-d515118834cb |||||   NOW searching for    ||||| sss21337.txt |||||   ||||| 53番目の検索 |||||
86400以下のはず→30306.75900363922
jsonファイルは書き換えない.
txtファイルを再収集しない.
iam   ||||| 988934e7-954f-4b90-a879-d515118834cb |||||   NOW searching for    ||||| emqSS34aWdIFNi0.txt |||||   ||||| 54番目の検索 |||||
jsonファイルを書き換える.
txtファイルを再収集しない.
iam   ||||| 988934e7-954f-4b90-a879-d515118834cb |||||   NOW searching for    ||||| tanabatananako.txt |||||   ||||| 55番目の検索 |||||
jsonファイルを書き換える.
txtファイルを再収集しない.
iam   ||||| 988934e7-954f-4b90-a879-d515118834cb |||||   NOW searching for    ||||| yukinositaniiru.txt |||||   ||||| 56番目の検索 |||||
jsonファイルを書き換える.
txtファイルを再収集しない.
iam   ||||| 988934e7-954f-4b90-a879-d515118834cb |||||   NOW searching for    ||||| yoheitsunemi.txt |||||   ||||| 57番目の検索 |||||
86400以下のはず→24412.321068763733
jsonファイルは書き換えない.
txtファイルを再収集しない.
iam   ||||| 988934e7-954f-4b90-a879-d515118834cb |||||   NOW searching for    ||||| univ_mama.txt |||||   ||||| 58番目の検索 |||||
jsonファイルを書き換える.
txtファイルを再収集する.
iam   ||||| f7fbd1e9-8cbe-47ee-b5b3-abb4986fca48 |||||   NOW searching for    ||||| hidekishima.txt |||||   ||||| 1番目の検索 |||||
jsonファイルを書き換える.
txtファイルを再収集しない.
iam   ||||| f7fbd1e9-8cbe-47ee-b5b3-abb4986fca48 |||||   NOW searching for    ||||| CNaranjoBej.txt |||||   ||||| 2番目の検索 |||||
86400以下のはず→29663.91862463951
jsonファイルは書き換えない.
txtファイルを再収集しない.
iam   ||||| f7fbd1e9-8cbe-47ee-b5b3-abb4986fca48 |||||   NOW searching for    ||||| kogera1213.txt |||||   ||||| 3番目の検索 |||||
jsonファイルを書き換える.
txtファイルを再収集しない.
iam   ||||| f7fbd1e9-8cbe-47ee-b5b3-abb4986fca48 |||||   NOW searching for    ||||| JCGT_announce.txt |||||   ||||| 4番目の検索 |||||
86400以下のはず→25312.66883111
jsonファイルは書き換えない.
txtファイルを再収集しない.
iam   ||||| f7fbd1e9-8cbe-47ee-b5b3-abb4986fca48 |||||   NOW searching for    ||||| UUiUzKpqMy7EFga.txt |||||   ||||| 5番目の検索 |||||
jsonファイルを書き換える.
txtファイルを再収集しない.
iam   ||||| f7fbd1e9-8cbe-47ee-b5b3-abb4986fca48 |||||   NOW searching for    ||||| Mai_watermelon.txt |||||   ||||| 6番目の検索 |||||
jsonファイルを書き換える.
txtファイルを再収集しない.
iam   ||||| f7fbd1e9-8cbe-47ee-b5b3-abb4986fca48 |||||   NOW searching for    ||||| sGEYUndWSXriZ5t.txt |||||   ||||| 7番目の検索 |||||
86400以下のはず→25320.091486930847
jsonファイルは書き換えない.
txtファイルを再収集しない.
iam   ||||| f7fbd1e9-8cbe-47ee-b5b3-abb4986fca48 |||||   NOW searching for    ||||| RealArea.txt |||||   ||||| 8番目の検索 |||||
jsonファイルを書き換える.
txtファイルを再収集する.
test
目標値：635000
このidはover10000なので調べない・・・
収集終わり
iam   ||||| f7fbd1e9-8cbe-47ee-b5b3-abb4986fca48 |||||   NOW searching for    ||||| team_nakagawa.txt |||||   ||||| 9番目の検索 |||||
jsonファイルを書き換える.
txtファイルを再収集する.
